Start testing: Mar 21 16:22 PDT
----------------------------------------------------------
1/5 Testing: CalculatorTest.AddWorks
1/5 Test: CalculatorTest.AddWorks
Command: "/home/jayz/Desktop/tunnel/build/tests/my_tests" "--gtest_filter=CalculatorTest.AddWorks" "--gtest_also_run_disabled_tests"
Directory: /home/jayz/Desktop/tunnel/build/tests
"CalculatorTest.AddWorks" start time: Mar 21 16:22 PDT
Output:
----------------------------------------------------------
Note: Google Test filter = CalculatorTest.AddWorks
[==========] Running 1 test from 1 test suite.
[----------] Global test environment set-up.
[----------] 1 test from CalculatorTest
[ RUN      ] CalculatorTest.AddWorks
[       OK ] CalculatorTest.AddWorks (0 ms)
[----------] 1 test from CalculatorTest (0 ms total)

[----------] Global test environment tear-down
[==========] 1 test from 1 test suite ran. (0 ms total)
[  PASSED  ] 1 test.
<end of output>
Test time =   0.01 sec
----------------------------------------------------------
Test Passed.
"CalculatorTest.AddWorks" end time: Mar 21 16:22 PDT
"CalculatorTest.AddWorks" time elapsed: 00:00:00
----------------------------------------------------------

2/5 Testing: CalculatorTest.SubtractWorks
2/5 Test: CalculatorTest.SubtractWorks
Command: "/home/jayz/Desktop/tunnel/build/tests/my_tests" "--gtest_filter=CalculatorTest.SubtractWorks" "--gtest_also_run_disabled_tests"
Directory: /home/jayz/Desktop/tunnel/build/tests
"CalculatorTest.SubtractWorks" start time: Mar 21 16:22 PDT
Output:
----------------------------------------------------------
Note: Google Test filter = CalculatorTest.SubtractWorks
[==========] Running 1 test from 1 test suite.
[----------] Global test environment set-up.
[----------] 1 test from CalculatorTest
[ RUN      ] CalculatorTest.SubtractWorks
[       OK ] CalculatorTest.SubtractWorks (0 ms)
[----------] 1 test from CalculatorTest (0 ms total)

[----------] Global test environment tear-down
[==========] 1 test from 1 test suite ran. (0 ms total)
[  PASSED  ] 1 test.
<end of output>
Test time =   0.01 sec
----------------------------------------------------------
Test Passed.
"CalculatorTest.SubtractWorks" end time: Mar 21 16:22 PDT
"CalculatorTest.SubtractWorks" time elapsed: 00:00:00
----------------------------------------------------------

3/5 Testing: CalculatorTest.MultiplyWorks
3/5 Test: CalculatorTest.MultiplyWorks
Command: "/home/jayz/Desktop/tunnel/build/tests/my_tests" "--gtest_filter=CalculatorTest.MultiplyWorks" "--gtest_also_run_disabled_tests"
Directory: /home/jayz/Desktop/tunnel/build/tests
"CalculatorTest.MultiplyWorks" start time: Mar 21 16:22 PDT
Output:
----------------------------------------------------------
Note: Google Test filter = CalculatorTest.MultiplyWorks
[==========] Running 1 test from 1 test suite.
[----------] Global test environment set-up.
[----------] 1 test from CalculatorTest
[ RUN      ] CalculatorTest.MultiplyWorks
[       OK ] CalculatorTest.MultiplyWorks (0 ms)
[----------] 1 test from CalculatorTest (0 ms total)

[----------] Global test environment tear-down
[==========] 1 test from 1 test suite ran. (0 ms total)
[  PASSED  ] 1 test.
<end of output>
Test time =   0.01 sec
----------------------------------------------------------
Test Passed.
"CalculatorTest.MultiplyWorks" end time: Mar 21 16:22 PDT
"CalculatorTest.MultiplyWorks" time elapsed: 00:00:00
----------------------------------------------------------

4/5 Testing: CalculatorTest.DivideWorks
4/5 Test: CalculatorTest.DivideWorks
Command: "/home/jayz/Desktop/tunnel/build/tests/my_tests" "--gtest_filter=CalculatorTest.DivideWorks" "--gtest_also_run_disabled_tests"
Directory: /home/jayz/Desktop/tunnel/build/tests
"CalculatorTest.DivideWorks" start time: Mar 21 16:22 PDT
Output:
----------------------------------------------------------
Note: Google Test filter = CalculatorTest.DivideWorks
[==========] Running 1 test from 1 test suite.
[----------] Global test environment set-up.
[----------] 1 test from CalculatorTest
[ RUN      ] CalculatorTest.DivideWorks
[       OK ] CalculatorTest.DivideWorks (0 ms)
[----------] 1 test from CalculatorTest (0 ms total)

[----------] Global test environment tear-down
[==========] 1 test from 1 test suite ran. (0 ms total)
[  PASSED  ] 1 test.
<end of output>
Test time =   0.00 sec
----------------------------------------------------------
Test Passed.
"CalculatorTest.DivideWorks" end time: Mar 21 16:22 PDT
"CalculatorTest.DivideWorks" time elapsed: 00:00:00
----------------------------------------------------------

5/5 Testing: my_tests
5/5 Test: my_tests
Command: "/home/jayz/Desktop/tunnel/build/tests/my_tests"
Directory: /home/jayz/Desktop/tunnel/build/tests
"my_tests" start time: Mar 21 16:22 PDT
Output:
----------------------------------------------------------
[==========] Running 4 tests from 1 test suite.
[----------] Global test environment set-up.
[----------] 4 tests from CalculatorTest
[ RUN      ] CalculatorTest.AddWorks
[       OK ] CalculatorTest.AddWorks (0 ms)
[ RUN      ] CalculatorTest.SubtractWorks
[       OK ] CalculatorTest.SubtractWorks (0 ms)
[ RUN      ] CalculatorTest.MultiplyWorks
[       OK ] CalculatorTest.MultiplyWorks (0 ms)
[ RUN      ] CalculatorTest.DivideWorks
[       OK ] CalculatorTest.DivideWorks (0 ms)
[----------] 4 tests from CalculatorTest (0 ms total)

[----------] Global test environment tear-down
[==========] 4 tests from 1 test suite ran. (0 ms total)
[  PASSED  ] 4 tests.
<end of output>
Test time =   0.01 sec
----------------------------------------------------------
Test Passed.
"my_tests" end time: Mar 21 16:22 PDT
"my_tests" time elapsed: 00:00:00
----------------------------------------------------------

End testing: Mar 21 16:22 PDT
